<?xml version="1.0" encoding="UTF-8"?>
<coverage generated="1680811912688" clover="3.2.0">
  <project timestamp="1680811912688" name="All files">
    <metrics statements="5" coveredstatements="5" conditionals="4" coveredconditionals="3" methods="4" coveredmethods="4" elements="13" coveredelements="12" complexity="0" loc="5" ncloc="5" packages="1" files="1" classes="1"/>
    <file name="index.ts" path="/Users/gabriel.vivas/Desktop/cover/index.ts">
      <metrics statements="5" coveredstatements="5" conditionals="4" coveredconditionals="3" methods="4" coveredmethods="4"/>
      <line num="2" count="1" type="stmt"/>
      <line num="6" count="2" type="stmt"/>
      <line num="10" count="1" type="stmt"/>
      <line num="19" count="2" type="cond" truecount="3" falsecount="1"/>
      <line num="23" count="2" type="stmt"/>
    </file>
  </project>
</coverage>
