{"/Users/gabriel.vivas/Desktop/cover/index.ts": {"path":"/Users/gabriel.vivas/Desktop/cover/index.ts","statementMap":{"0":{"start":{"line":6,"column":4},"end":{"line":6,"column":22}},"1":{"start":{"line":10,"column":4},"end":{"line":10,"column":null}},"2":{"start":{"line":19,"column":4},"end":{"line":19,"column":null}},"3":{"start":{"line":23,"column":4},"end":{"line":23,"column":null}},"4":{"start":{"line":2,"column":0},"end":{"line":2,"column":13}}},"fnMap":{"0":{"name":"(anonymous_0)","decl":{"start":{"line":5,"column":2},"end":{"line":5,"column":null}},"loc":{"start":{"line":5,"column":2},"end":{"line":7,"column":3}}},"1":{"name":"(anonymous_1)","decl":{"start":{"line":9,"column":2},"end":{"line":9,"column":10}},"loc":{"start":{"line":9,"column":24},"end":{"line":11,"column":3}}},"2":{"name":"(anonymous_2)","decl":{"start":{"line":18,"column":2},"end":{"line":18,"column":9}},"loc":{"start":{"line":18,"column":9},"end":{"line":20,"column":3}}},"3":{"name":"(anonymous_3)","decl":{"start":{"line":22,"column":2},"end":{"line":22,"column":5}},"loc":{"start":{"line":22,"column":23},"end":{"line":24,"column":3}}}},"branchMap":{"0":{"loc":{"start":{"line":19,"column":20},"end":{"line":19,"column":31}},"type":"cond-expr","locations":[{"start":{"line":19,"column":24},"end":{"line":19,"column":26}},{"start":{"line":19,"column":20},"end":{"line":19,"column":31}}]},"1":{"loc":{"start":{"line":19,"column":20},"end":{"line":19,"column":26}},"type":"binary-expr","locations":[{"start":{"line":19,"column":20},"end":{"line":19,"column":26}},{"start":{"line":19,"column":20},"end":{"line":19,"column":26}}]}},"s":{"0":2,"1":1,"2":2,"3":2,"4":1},"f":{"0":2,"1":1,"2":2,"3":2},"b":{"0":[0,2],"1":[2,2]}}
}
